D:\작업장\CUBE\CUBE\DEBUG\CAMERACLASS.OBJ
D:\작업장\CUBE\CUBE\DEBUG\CUBE.EXE.EMBED.MANIFEST
D:\작업장\CUBE\CUBE\DEBUG\CUBE.EXE.EMBED.MANIFEST.RES
D:\작업장\CUBE\CUBE\DEBUG\CUBE.EXE.INTERMEDIATE.MANIFEST
D:\작업장\CUBE\CUBE\DEBUG\CUBE.RES
D:\작업장\CUBE\CUBE\DEBUG\GAMECLASS.OBJ
D:\작업장\CUBE\CUBE\DEBUG\INPUTCLASS.OBJ
D:\작업장\CUBE\CUBE\DEBUG\LOGICCLASS.OBJ
D:\작업장\CUBE\CUBE\DEBUG\MAIN.OBJ
D:\작업장\CUBE\CUBE\DEBUG\OBJECT3DCLASS.OBJ
D:\작업장\CUBE\CUBE\DEBUG\OBJECTBUTTONCLASS.OBJ
D:\작업장\CUBE\CUBE\DEBUG\OBJECTCUBECLASS.OBJ
D:\작업장\CUBE\CUBE\DEBUG\PICKINGCLASS.OBJ
D:\작업장\CUBE\CUBE\DEBUG\RENDERCLASS.OBJ
D:\작업장\CUBE\CUBE\DEBUG\TEXTURECLASS.OBJ
D:\작업장\CUBE\CUBE\DEBUG\VC100.PDB
D:\작업장\CUBE\CUBE\DEBUG\WINDOWCLASS.OBJ
D:\작업장\CUBE\DEBUG\CUBE.EXE
D:\작업장\CUBE\DEBUG\CUBE.ILK
D:\작업장\CUBE\DEBUG\CUBE.PDB
E:\작업장\Cube\Cube\Debug\CameraClass.obj
E:\작업장\Cube\Cube\Debug\cl.command.1.tlog
E:\작업장\Cube\Cube\Debug\CL.read.1.tlog
E:\작업장\Cube\Cube\Debug\CL.write.1.tlog
E:\작업장\Cube\Cube\Debug\Cube.exe.embed.manifest
E:\작업장\Cube\Cube\Debug\Cube.exe.embed.manifest.res
E:\작업장\Cube\Cube\Debug\Cube.exe.intermediate.manifest
E:\작업장\Cube\Cube\Debug\Cube.res
E:\작업장\Cube\Cube\Debug\Cube_manifest.rc
E:\작업장\Cube\Cube\Debug\GameClass.obj
E:\작업장\Cube\Cube\Debug\InputClass.obj
E:\작업장\Cube\Cube\Debug\link.1016.read.1.tlog
E:\작업장\Cube\Cube\Debug\link.1016.write.1.tlog
E:\작업장\Cube\Cube\Debug\link.1016-cvtres.read.1.tlog
E:\작업장\Cube\Cube\Debug\link.1016-cvtres.write.1.tlog
E:\작업장\Cube\Cube\Debug\link.1204.read.1.tlog
E:\작업장\Cube\Cube\Debug\link.1204.write.1.tlog
E:\작업장\Cube\Cube\Debug\link.1204-cvtres.read.1.tlog
E:\작업장\Cube\Cube\Debug\link.1204-cvtres.write.1.tlog
E:\작업장\Cube\Cube\Debug\link.1668.read.1.tlog
E:\작업장\Cube\Cube\Debug\link.1668.write.1.tlog
E:\작업장\Cube\Cube\Debug\link.1668-cvtres.read.1.tlog
E:\작업장\Cube\Cube\Debug\link.1668-cvtres.write.1.tlog
E:\작업장\Cube\Cube\Debug\link.1752.read.1.tlog
E:\작업장\Cube\Cube\Debug\link.1752.write.1.tlog
E:\작업장\Cube\Cube\Debug\link.1752-cvtres.read.1.tlog
E:\작업장\Cube\Cube\Debug\link.1752-cvtres.write.1.tlog
E:\작업장\Cube\Cube\Debug\link.1776.read.1.tlog
E:\작업장\Cube\Cube\Debug\link.1776.write.1.tlog
E:\작업장\Cube\Cube\Debug\link.1776-cvtres.read.1.tlog
E:\작업장\Cube\Cube\Debug\link.1776-cvtres.write.1.tlog
E:\작업장\Cube\Cube\Debug\link.2220.read.1.tlog
E:\작업장\Cube\Cube\Debug\link.2220.write.1.tlog
E:\작업장\Cube\Cube\Debug\link.2220-cvtres.read.1.tlog
E:\작업장\Cube\Cube\Debug\link.2220-cvtres.write.1.tlog
E:\작업장\Cube\Cube\Debug\link.2312.read.1.tlog
E:\작업장\Cube\Cube\Debug\link.2312.write.1.tlog
E:\작업장\Cube\Cube\Debug\link.2312-cvtres.read.1.tlog
E:\작업장\Cube\Cube\Debug\link.2312-cvtres.write.1.tlog
E:\작업장\Cube\Cube\Debug\link.2344.read.1.tlog
E:\작업장\Cube\Cube\Debug\link.2344.write.1.tlog
E:\작업장\Cube\Cube\Debug\link.2344-cvtres.read.1.tlog
E:\작업장\Cube\Cube\Debug\link.2344-cvtres.write.1.tlog
E:\작업장\Cube\Cube\Debug\link.2388.read.1.tlog
E:\작업장\Cube\Cube\Debug\link.2388.write.1.tlog
E:\작업장\Cube\Cube\Debug\link.2388-cvtres.read.1.tlog
E:\작업장\Cube\Cube\Debug\link.2388-cvtres.write.1.tlog
E:\작업장\Cube\Cube\Debug\link.2472.read.1.tlog
E:\작업장\Cube\Cube\Debug\link.2472.write.1.tlog
E:\작업장\Cube\Cube\Debug\link.2472-cvtres.read.1.tlog
E:\작업장\Cube\Cube\Debug\link.2472-cvtres.write.1.tlog
E:\작업장\Cube\Cube\Debug\link.2580.read.1.tlog
E:\작업장\Cube\Cube\Debug\link.2580.write.1.tlog
E:\작업장\Cube\Cube\Debug\link.2580-cvtres.read.1.tlog
E:\작업장\Cube\Cube\Debug\link.2580-cvtres.write.1.tlog
E:\작업장\Cube\Cube\Debug\link.2704.read.1.tlog
E:\작업장\Cube\Cube\Debug\link.2704.write.1.tlog
E:\작업장\Cube\Cube\Debug\link.2704-cvtres.read.1.tlog
E:\작업장\Cube\Cube\Debug\link.2704-cvtres.write.1.tlog
E:\작업장\Cube\Cube\Debug\link.3024.read.1.tlog
E:\작업장\Cube\Cube\Debug\link.3024.write.1.tlog
E:\작업장\Cube\Cube\Debug\link.3024-cvtres.read.1.tlog
E:\작업장\Cube\Cube\Debug\link.3024-cvtres.write.1.tlog
E:\작업장\Cube\Cube\Debug\link.3220.read.1.tlog
E:\작업장\Cube\Cube\Debug\link.3220.write.1.tlog
E:\작업장\Cube\Cube\Debug\link.3220-cvtres.read.1.tlog
E:\작업장\Cube\Cube\Debug\link.3220-cvtres.write.1.tlog
E:\작업장\Cube\Cube\Debug\link.3776.read.1.tlog
E:\작업장\Cube\Cube\Debug\link.3776.write.1.tlog
E:\작업장\Cube\Cube\Debug\link.3776-cvtres.read.1.tlog
E:\작업장\Cube\Cube\Debug\link.3776-cvtres.write.1.tlog
E:\작업장\Cube\Cube\Debug\link.3940.read.1.tlog
E:\작업장\Cube\Cube\Debug\link.3940.write.1.tlog
E:\작업장\Cube\Cube\Debug\link.3940-cvtres.read.1.tlog
E:\작업장\Cube\Cube\Debug\link.3940-cvtres.write.1.tlog
E:\작업장\Cube\Cube\Debug\link.4080.read.1.tlog
E:\작업장\Cube\Cube\Debug\link.4080.write.1.tlog
E:\작업장\Cube\Cube\Debug\link.4080-cvtres.read.1.tlog
E:\작업장\Cube\Cube\Debug\link.4080-cvtres.write.1.tlog
E:\작업장\Cube\Cube\Debug\link.4164.read.1.tlog
E:\작업장\Cube\Cube\Debug\link.4164.write.1.tlog
E:\작업장\Cube\Cube\Debug\link.4164-cvtres.read.1.tlog
E:\작업장\Cube\Cube\Debug\link.4164-cvtres.write.1.tlog
E:\작업장\Cube\Cube\Debug\link.4172.read.1.tlog
E:\작업장\Cube\Cube\Debug\link.4172.write.1.tlog
E:\작업장\Cube\Cube\Debug\link.4172-cvtres.read.1.tlog
E:\작업장\Cube\Cube\Debug\link.4172-cvtres.write.1.tlog
E:\작업장\Cube\Cube\Debug\link.4644.read.1.tlog
E:\작업장\Cube\Cube\Debug\link.4644.write.1.tlog
E:\작업장\Cube\Cube\Debug\link.4644-cvtres.read.1.tlog
E:\작업장\Cube\Cube\Debug\link.4644-cvtres.write.1.tlog
E:\작업장\Cube\Cube\Debug\link.4668.read.1.tlog
E:\작업장\Cube\Cube\Debug\link.4668.write.1.tlog
E:\작업장\Cube\Cube\Debug\link.4668-cvtres.read.1.tlog
E:\작업장\Cube\Cube\Debug\link.4668-cvtres.write.1.tlog
E:\작업장\Cube\Cube\Debug\link.4672.read.1.tlog
E:\작업장\Cube\Cube\Debug\link.4672.write.1.tlog
E:\작업장\Cube\Cube\Debug\link.4672-cvtres.read.1.tlog
E:\작업장\Cube\Cube\Debug\link.4672-cvtres.write.1.tlog
E:\작업장\Cube\Cube\Debug\link.4720.read.1.tlog
E:\작업장\Cube\Cube\Debug\link.4720.write.1.tlog
E:\작업장\Cube\Cube\Debug\link.4720-cvtres.read.1.tlog
E:\작업장\Cube\Cube\Debug\link.4720-cvtres.write.1.tlog
E:\작업장\Cube\Cube\Debug\link.4764.read.1.tlog
E:\작업장\Cube\Cube\Debug\link.4764.write.1.tlog
E:\작업장\Cube\Cube\Debug\link.4764-cvtres.read.1.tlog
E:\작업장\Cube\Cube\Debug\link.4764-cvtres.write.1.tlog
E:\작업장\Cube\Cube\Debug\link.4812.read.1.tlog
E:\작업장\Cube\Cube\Debug\link.4812.write.1.tlog
E:\작업장\Cube\Cube\Debug\link.4812-cvtres.read.1.tlog
E:\작업장\Cube\Cube\Debug\link.4812-cvtres.write.1.tlog
E:\작업장\Cube\Cube\Debug\link.5012.read.1.tlog
E:\작업장\Cube\Cube\Debug\link.5012.write.1.tlog
E:\작업장\Cube\Cube\Debug\link.5012-cvtres.read.1.tlog
E:\작업장\Cube\Cube\Debug\link.5012-cvtres.write.1.tlog
E:\작업장\Cube\Cube\Debug\link.5040.read.1.tlog
E:\작업장\Cube\Cube\Debug\link.5040.write.1.tlog
E:\작업장\Cube\Cube\Debug\link.5040-cvtres.read.1.tlog
E:\작업장\Cube\Cube\Debug\link.5040-cvtres.write.1.tlog
E:\작업장\Cube\Cube\Debug\link.5080.read.1.tlog
E:\작업장\Cube\Cube\Debug\link.5080.write.1.tlog
E:\작업장\Cube\Cube\Debug\link.5080-cvtres.read.1.tlog
E:\작업장\Cube\Cube\Debug\link.5080-cvtres.write.1.tlog
E:\작업장\Cube\Cube\Debug\link.5096.read.1.tlog
E:\작업장\Cube\Cube\Debug\link.5096.write.1.tlog
E:\작업장\Cube\Cube\Debug\link.5096-cvtres.read.1.tlog
E:\작업장\Cube\Cube\Debug\link.5096-cvtres.write.1.tlog
E:\작업장\Cube\Cube\Debug\link.5180.read.1.tlog
E:\작업장\Cube\Cube\Debug\link.5180.write.1.tlog
E:\작업장\Cube\Cube\Debug\link.5180-cvtres.read.1.tlog
E:\작업장\Cube\Cube\Debug\link.5180-cvtres.write.1.tlog
E:\작업장\Cube\Cube\Debug\link.5220.read.1.tlog
E:\작업장\Cube\Cube\Debug\link.5220.write.1.tlog
E:\작업장\Cube\Cube\Debug\link.5220-cvtres.read.1.tlog
E:\작업장\Cube\Cube\Debug\link.5220-cvtres.write.1.tlog
E:\작업장\Cube\Cube\Debug\link.5380.read.1.tlog
E:\작업장\Cube\Cube\Debug\link.5380.write.1.tlog
E:\작업장\Cube\Cube\Debug\link.5380-cvtres.read.1.tlog
E:\작업장\Cube\Cube\Debug\link.5380-cvtres.write.1.tlog
E:\작업장\Cube\Cube\Debug\link.5404.read.1.tlog
E:\작업장\Cube\Cube\Debug\link.5404.write.1.tlog
E:\작업장\Cube\Cube\Debug\link.5404-cvtres.read.1.tlog
E:\작업장\Cube\Cube\Debug\link.5404-cvtres.write.1.tlog
E:\작업장\Cube\Cube\Debug\link.5484.read.1.tlog
E:\작업장\Cube\Cube\Debug\link.5484.write.1.tlog
E:\작업장\Cube\Cube\Debug\link.5484-cvtres.read.1.tlog
E:\작업장\Cube\Cube\Debug\link.5484-cvtres.write.1.tlog
E:\작업장\Cube\Cube\Debug\link.5540.read.1.tlog
E:\작업장\Cube\Cube\Debug\link.5540.write.1.tlog
E:\작업장\Cube\Cube\Debug\link.5540-cvtres.read.1.tlog
E:\작업장\Cube\Cube\Debug\link.5540-cvtres.write.1.tlog
E:\작업장\Cube\Cube\Debug\link.5952.read.1.tlog
E:\작업장\Cube\Cube\Debug\link.5952.write.1.tlog
E:\작업장\Cube\Cube\Debug\link.5972.read.1.tlog
E:\작업장\Cube\Cube\Debug\link.5972.write.1.tlog
E:\작업장\Cube\Cube\Debug\link.5972-cvtres.read.1.tlog
E:\작업장\Cube\Cube\Debug\link.5972-cvtres.write.1.tlog
E:\작업장\Cube\Cube\Debug\link.912.read.1.tlog
E:\작업장\Cube\Cube\Debug\link.912.write.1.tlog
E:\작업장\Cube\Cube\Debug\link.912-cvtres.read.1.tlog
E:\작업장\Cube\Cube\Debug\link.912-cvtres.write.1.tlog
E:\작업장\Cube\Cube\Debug\link.command.1.tlog
E:\작업장\Cube\Cube\Debug\link.read.1.tlog
E:\작업장\Cube\Cube\Debug\link.write.1.tlog
E:\작업장\Cube\Cube\Debug\link-cvtres.read.1.tlog
E:\작업장\Cube\Cube\Debug\link-cvtres.write.1.tlog
E:\작업장\Cube\Cube\Debug\LogicClass.obj
E:\작업장\Cube\Cube\Debug\Main.obj
E:\작업장\Cube\Cube\Debug\mt.command.1.tlog
E:\작업장\Cube\Cube\Debug\mt.read.1.tlog
E:\작업장\Cube\Cube\Debug\mt.write.1.tlog
E:\작업장\Cube\Cube\Debug\Object3DClass.obj
E:\작업장\Cube\Cube\Debug\ObjectButtonClass.obj
E:\작업장\Cube\Cube\Debug\ObjectCubeClass.obj
E:\작업장\Cube\Cube\Debug\PickingClass.obj
E:\작업장\Cube\Cube\Debug\rc.command.1.tlog
E:\작업장\Cube\Cube\Debug\rc.read.1.tlog
E:\작업장\Cube\Cube\Debug\rc.write.1.tlog
E:\작업장\Cube\Cube\Debug\RenderClass.obj
E:\작업장\Cube\Cube\Debug\TextureClass.obj
E:\작업장\Cube\Cube\Debug\vc100.idb
E:\작업장\Cube\Cube\Debug\vc100.pdb
E:\작업장\Cube\Cube\Debug\WindowClass.obj
E:\작업장\Cube\Debug\Cube.exe
E:\작업장\Cube\Debug\Cube.ilk
E:\작업장\Cube\Debug\Cube.pdb
