D:\작업장\CUBE\CUBE\RELEASE\CAMERACLASS.OBJ
D:\작업장\CUBE\CUBE\RELEASE\CUBE.RES
D:\작업장\CUBE\CUBE\RELEASE\GAMECLASS.OBJ
D:\작업장\CUBE\CUBE\RELEASE\INPUTCLASS.OBJ
D:\작업장\CUBE\CUBE\RELEASE\LOGICCLASS.OBJ
D:\작업장\CUBE\CUBE\RELEASE\MAIN.OBJ
D:\작업장\CUBE\CUBE\RELEASE\OBJECTBUTTONCLASS.OBJ
D:\작업장\CUBE\CUBE\RELEASE\OBJECTCUBECLASS.OBJ
D:\작업장\CUBE\CUBE\RELEASE\PICKINGCLASS.OBJ
D:\작업장\CUBE\CUBE\RELEASE\RENDERCLASS.OBJ
D:\작업장\CUBE\CUBE\RELEASE\TEXTURECLASS.OBJ
D:\작업장\CUBE\CUBE\RELEASE\VC100.PDB
D:\작업장\CUBE\CUBE\RELEASE\WINDOWCLASS.OBJ
D:\작업장\CUBE\RELEASE\CUBE.EXE
D:\작업장\CUBE\RELEASE\CUBE.PDB
E:\작업장\Cube\Cube\Release\CameraClass.obj
E:\작업장\Cube\Cube\Release\cl.command.1.tlog
E:\작업장\Cube\Cube\Release\CL.read.1.tlog
E:\작업장\Cube\Cube\Release\CL.write.1.tlog
E:\작업장\Cube\Cube\Release\Cube.exe.intermediate.manifest
E:\작업장\Cube\Cube\Release\Cube.res
E:\작업장\Cube\Cube\Release\GameClass.obj
E:\작업장\Cube\Cube\Release\InputClass.obj
E:\작업장\Cube\Cube\Release\link.command.1.tlog
E:\작업장\Cube\Cube\Release\link.read.1.tlog
E:\작업장\Cube\Cube\Release\link.write.1.tlog
E:\작업장\Cube\Cube\Release\link-cvtres.read.1.tlog
E:\작업장\Cube\Cube\Release\link-cvtres.write.1.tlog
E:\작업장\Cube\Cube\Release\LogicClass.obj
E:\작업장\Cube\Cube\Release\Main.obj
E:\작업장\Cube\Cube\Release\mt.command.1.tlog
E:\작업장\Cube\Cube\Release\mt.read.1.tlog
E:\작업장\Cube\Cube\Release\mt.write.1.tlog
E:\작업장\Cube\Cube\Release\ObjectButtonClass.obj
E:\작업장\Cube\Cube\Release\ObjectCubeClass.obj
E:\작업장\Cube\Cube\Release\PickingClass.obj
E:\작업장\Cube\Cube\Release\rc.command.1.tlog
E:\작업장\Cube\Cube\Release\rc.read.1.tlog
E:\작업장\Cube\Cube\Release\rc.write.1.tlog
E:\작업장\Cube\Cube\Release\RenderClass.obj
E:\작업장\Cube\Cube\Release\TextureClass.obj
E:\작업장\Cube\Cube\Release\vc100.pdb
E:\작업장\Cube\Cube\Release\WindowClass.obj
E:\작업장\Cube\Release\Cube.exe
E:\작업장\Cube\Release\Cube.pdb
